<?xml version="1.0" encoding="UTF-8"?>
<!-- Generated by org.testng.reporters.JUnitReportReporter -->
<testsuite hostname="LENOVO-PC" failures="0" tests="1" name="dummyproject.Updateaccount" time="0.019" errors="0" timestamp="2022-08-18T16:55:32 IST" skipped="0">
  <testcase classname="dummyproject.Updateaccount" name="update" time="0.019"/>
  <system-out/>
</testsuite> <!-- dummyproject.Updateaccount -->
