<?xml version="1.0" encoding="UTF-8"?>
<!-- Generated by org.testng.reporters.JUnitReportReporter -->
<testsuite hostname="LENOVO-PC" failures="0" tests="3" name="dummyproject.StudentTest" time="0.006" errors="0" timestamp="2022-08-18T16:55:32 IST" skipped="0">
  <testcase classname="dummyproject.StudentTest" name="createStudentdetailsTest" time="0.002"/>
  <system-out/>
  <testcase classname="dummyproject.StudentTest" name="modifyStudentsdetailsTest" time="0.002"/>
  <system-out/>
  <testcase classname="dummyproject.StudentTest" name="deleteStudentdetailsTest" time="0.002"/>
  <system-out/>
</testsuite> <!-- dummyproject.StudentTest -->
