<?xml version="1.0" encoding="UTF-8"?>
<!-- Generated by org.testng.reporters.JUnitReportReporter -->
<testsuite hostname="LENOVO-PC" failures="0" tests="3" name="org.sdet38.practice.Customer" time="0.007" errors="0" timestamp="2022-08-17T13:06:11 IST" skipped="0">
  <testcase classname="org.sdet38.practice.Customer" name="deleteCustomerTest" time="0.002"/>
  <system-out/>
  <testcase classname="org.sdet38.practice.Customer" name="modifyCustomerTest" time="0.003"/>
  <system-out/>
  <testcase classname="org.sdet38.practice.Customer" name="createCustomerTest" time="0.002"/>
  <system-out/>
</testsuite> <!-- org.sdet38.practice.Customer -->
