<?xml version="1.0" encoding="UTF-8"?>
<!-- Generated by org.testng.reporters.JUnitReportReporter -->
<testsuite hostname="LENOVO-PC" failures="0" tests="3" name="dummyproject.Createform" time="0.006" errors="0" timestamp="2022-08-18T16:55:32 IST" skipped="0">
  <testcase classname="dummyproject.Createform" name="motherdetails" time="0.002"/>
  <system-out/>
  <testcase classname="dummyproject.Createform" name="registerform" time="0.002"/>
  <system-out/>
  <testcase classname="dummyproject.Createform" name="fatherdetails" time="0.002"/>
  <system-out/>
</testsuite> <!-- dummyproject.Createform -->
