<?xml version="1.0" encoding="UTF-8"?>
<!-- Generated by org.testng.reporters.JUnitReportReporter -->
<testsuite hostname="LENOVO-PC" failures="0" tests="3" name="org.sdet38.practice.Student" time="0.016" errors="0" timestamp="2022-08-13T20:34:10 IST" skipped="0">
  <testcase classname="org.sdet38.practice.Student" name="modifyStudentTest" time="0.012"/>
  <system-out/>
  <testcase classname="org.sdet38.practice.Student" name="deleteStudentTest" time="0.002"/>
  <system-out/>
  <testcase classname="org.sdet38.practice.Student" name="createStudentTest" time="0.002"/>
  <system-out/>
</testsuite> <!-- org.sdet38.practice.Student -->
