<?xml version="1.0" encoding="UTF-8"?>
<!-- Generated by org.testng.reporters.JUnitReportReporter -->
<testsuite hostname="LENOVO-PC" failures="0" tests="1" name="org.sdet38.practice.Createform" time="0.001" errors="0" timestamp="2022-08-17T13:06:11 IST" skipped="0">
  <testcase classname="org.sdet38.practice.Createform" name="registerform" time="0.001"/>
  <system-out/>
</testsuite> <!-- org.sdet38.practice.Createform -->
