<?xml version="1.0" encoding="UTF-8"?>
<!-- Generated by org.testng.reporters.JUnitReportReporter -->
<testsuite hostname="LENOVO-PC" failures="0" tests="3" name="org.sdet38.practice.Createaccount" time="0.006" errors="0" timestamp="2022-08-17T13:06:11 IST" skipped="0">
  <testcase classname="org.sdet38.practice.Createaccount" name="registeration" time="0.002"/>
  <system-out/>
  <testcase classname="org.sdet38.practice.Createaccount" name="delete" time="0.002"/>
  <system-out/>
  <testcase classname="org.sdet38.practice.Createaccount" name="modify" time="0.002"/>
  <system-out/>
</testsuite> <!-- org.sdet38.practice.Createaccount -->
