<?xml version="1.0" encoding="UTF-8"?>
<!-- Generated by org.testng.reporters.JUnitReportReporter -->
<testsuite hostname="LENOVO-PC" failures="0" tests="5" name="org.sdet38.practice.BookTicket" time="0.018" errors="0" timestamp="2022-08-13T21:22:06 IST" skipped="0">
  <testcase classname="org.sdet38.practice.BookTicket" name="bookTicketTest" time="0.009"/>
  <system-out/>
  <testcase classname="org.sdet38.practice.BookTicket" name="bookTicketTest" time="0.002"/>
  <system-out/>
  <testcase classname="org.sdet38.practice.BookTicket" name="bookTicketTest" time="0.003"/>
  <system-out/>
  <testcase classname="org.sdet38.practice.BookTicket" name="bookTicketTest" time="0.002"/>
  <system-out/>
  <testcase classname="org.sdet38.practice.BookTicket" name="bookTicketTest" time="0.002"/>
  <system-out/>
</testsuite> <!-- org.sdet38.practice.BookTicket -->
