<?xml version="1.0" encoding="UTF-8"?>
<!-- Generated by org.testng.reporters.JUnitReportReporter -->
<testsuite skipped="0" hostname="LENOVO-PC" name="dummyproject.Createaccount" tests="3" failures="0" timestamp="2022-08-22T18:04:22 IST" time="0.046" errors="0">
  <testcase name="registeration" time="0.005" classname="dummyproject.Createaccount"/>
  <system-out/>
  <testcase name="modify" time="0.006" classname="dummyproject.Createaccount"/>
  <system-out/>
  <testcase name="delete" time="0.035" classname="dummyproject.Createaccount"/>
  <system-out/>
</testsuite> <!-- dummyproject.Createaccount -->
