<?xml version="1.0" encoding="UTF-8"?>
<!-- Generated by org.testng.reporters.JUnitReportReporter -->
<testsuite hostname="LENOVO-PC" failures="0" tests="1" name="org.sdet38.practice.Sample" time="0.014" errors="0" timestamp="2022-08-12T17:18:14 IST" skipped="0">
  <testcase classname="org.sdet38.practice.Sample" name="tc" time="0.014"/>
  <system-out/>
</testsuite> <!-- org.sdet38.practice.Sample -->
