<?xml version="1.0" encoding="UTF-8"?>
<!-- Generated by org.testng.reporters.JUnitReportReporter -->
<testsuite hostname="LENOVO-PC" failures="0" tests="4" name="org.sdet38.practice.BankSendAmountTest" time="0.020" errors="0" timestamp="2022-08-13T21:05:16 IST" skipped="0">
  <testcase classname="org.sdet38.practice.BankSendAmountTest" name="sendAmount" time="0.002"/>
  <system-out/>
  <testcase classname="org.sdet38.practice.BankSendAmountTest" name="sendAmount" time="0.014"/>
  <system-out/>
  <testcase classname="org.sdet38.practice.BankSendAmountTest" name="sendAmount" time="0.002"/>
  <system-out/>
  <testcase classname="org.sdet38.practice.BankSendAmountTest" name="sendAmount" time="0.002"/>
  <system-out/>
</testsuite> <!-- org.sdet38.practice.BankSendAmountTest -->
